2020-04-09 16:29:50.727 [INFO] org.quartz.impl.StdSchedulerFactory:[1208] Using default implementation for ThreadExecutor
2020-04-09 16:29:50.733 [INFO] org.quartz.simpl.SimpleThreadPool:[268] Job execution threads will use class loader of thread: main
2020-04-09 16:29:50.750 [INFO] org.quartz.core.SchedulerSignalerImpl:[61] Initialized Scheduler Signaller of type: class org.quartz.core.SchedulerSignalerImpl
2020-04-09 16:29:50.752 [INFO] org.quartz.core.QuartzScheduler:[229] Quartz Scheduler v.2.3.1 created.
2020-04-09 16:29:50.753 [INFO] org.quartz.simpl.RAMJobStore:[155] RAMJobStore initialized.
2020-04-09 16:29:50.754 [INFO] org.quartz.core.QuartzScheduler:[294] Scheduler meta-data: Quartz Scheduler (v2.3.1) 'DefaultQuartzScheduler' with instanceId 'NON_CLUSTERED'
  Scheduler class: 'org.quartz.core.QuartzScheduler' - running locally.
  NOT STARTED.
  Currently in standby mode.
  Number of jobs executed: 0
  Using thread pool 'org.quartz.simpl.SimpleThreadPool' - with 10 threads.
  Using job-store 'org.quartz.simpl.RAMJobStore' - which does not support persistence. and is not clustered.

2020-04-09 16:29:50.755 [INFO] org.quartz.impl.StdSchedulerFactory:[1362] Quartz scheduler 'DefaultQuartzScheduler' initialized from default resource file in Quartz package: 'quartz.properties'
2020-04-09 16:29:50.755 [INFO] org.quartz.impl.StdSchedulerFactory:[1366] Quartz scheduler version: 2.3.1
2020-04-09 16:29:50.755 [INFO] org.quartz.core.QuartzScheduler:[547] Scheduler DefaultQuartzScheduler_$_NON_CLUSTERED started.
2020-04-09 16:29:50.755 [INFO] org.quartz.core.QuartzScheduler:[666] Scheduler DefaultQuartzScheduler_$_NON_CLUSTERED shutting down.
2020-04-09 16:29:50.756 [INFO] org.quartz.core.QuartzScheduler:[585] Scheduler DefaultQuartzScheduler_$_NON_CLUSTERED paused.
2020-04-09 16:29:50.756 [INFO] org.quartz.core.QuartzScheduler:[740] Scheduler DefaultQuartzScheduler_$_NON_CLUSTERED shutdown complete.
2020-04-09 16:45:49.128 [INFO] org.quartz.impl.StdSchedulerFactory:[1208] Using default implementation for ThreadExecutor
2020-04-09 16:45:49.136 [INFO] org.quartz.simpl.SimpleThreadPool:[268] Job execution threads will use class loader of thread: main
2020-04-09 16:45:49.152 [INFO] org.quartz.core.SchedulerSignalerImpl:[61] Initialized Scheduler Signaller of type: class org.quartz.core.SchedulerSignalerImpl
2020-04-09 16:45:49.154 [INFO] org.quartz.core.QuartzScheduler:[229] Quartz Scheduler v.2.3.1 created.
2020-04-09 16:45:49.155 [INFO] org.quartz.simpl.RAMJobStore:[155] RAMJobStore initialized.
2020-04-09 16:45:49.156 [INFO] org.quartz.core.QuartzScheduler:[294] Scheduler meta-data: Quartz Scheduler (v2.3.1) 'DefaultQuartzScheduler' with instanceId 'NON_CLUSTERED'
  Scheduler class: 'org.quartz.core.QuartzScheduler' - running locally.
  NOT STARTED.
  Currently in standby mode.
  Number of jobs executed: 0
  Using thread pool 'org.quartz.simpl.SimpleThreadPool' - with 10 threads.
  Using job-store 'org.quartz.simpl.RAMJobStore' - which does not support persistence. and is not clustered.

2020-04-09 16:45:49.157 [INFO] org.quartz.impl.StdSchedulerFactory:[1362] Quartz scheduler 'DefaultQuartzScheduler' initialized from default resource file in Quartz package: 'quartz.properties'
2020-04-09 16:45:49.157 [INFO] org.quartz.impl.StdSchedulerFactory:[1366] Quartz scheduler version: 2.3.1
2020-04-09 16:45:49.158 [INFO] org.quartz.core.QuartzScheduler:[547] Scheduler DefaultQuartzScheduler_$_NON_CLUSTERED started.
2020-04-09 16:47:01.342 [INFO] org.quartz.impl.StdSchedulerFactory:[1208] Using default implementation for ThreadExecutor
2020-04-09 16:47:01.353 [INFO] org.quartz.simpl.SimpleThreadPool:[268] Job execution threads will use class loader of thread: main
2020-04-09 16:47:01.406 [INFO] org.quartz.core.SchedulerSignalerImpl:[61] Initialized Scheduler Signaller of type: class org.quartz.core.SchedulerSignalerImpl
2020-04-09 16:47:01.409 [INFO] org.quartz.core.QuartzScheduler:[229] Quartz Scheduler v.2.3.1 created.
2020-04-09 16:47:01.431 [INFO] org.quartz.simpl.RAMJobStore:[155] RAMJobStore initialized.
2020-04-09 16:47:01.433 [INFO] org.quartz.core.QuartzScheduler:[294] Scheduler meta-data: Quartz Scheduler (v2.3.1) 'DefaultQuartzScheduler' with instanceId 'NON_CLUSTERED'
  Scheduler class: 'org.quartz.core.QuartzScheduler' - running locally.
  NOT STARTED.
  Currently in standby mode.
  Number of jobs executed: 0
  Using thread pool 'org.quartz.simpl.SimpleThreadPool' - with 10 threads.
  Using job-store 'org.quartz.simpl.RAMJobStore' - which does not support persistence. and is not clustered.

2020-04-09 16:47:01.434 [INFO] org.quartz.impl.StdSchedulerFactory:[1362] Quartz scheduler 'DefaultQuartzScheduler' initialized from default resource file in Quartz package: 'quartz.properties'
2020-04-09 16:47:01.437 [INFO] org.quartz.impl.StdSchedulerFactory:[1366] Quartz scheduler version: 2.3.1
2020-04-09 16:47:01.437 [INFO] org.quartz.core.QuartzScheduler:[547] Scheduler DefaultQuartzScheduler_$_NON_CLUSTERED started.
2020-04-09 16:57:01.478 [INFO] org.quartz.core.QuartzScheduler:[666] Scheduler DefaultQuartzScheduler_$_NON_CLUSTERED shutting down.
2020-04-09 16:57:01.479 [INFO] org.quartz.core.QuartzScheduler:[585] Scheduler DefaultQuartzScheduler_$_NON_CLUSTERED paused.
2020-04-09 16:57:01.480 [INFO] org.quartz.core.QuartzScheduler:[740] Scheduler DefaultQuartzScheduler_$_NON_CLUSTERED shutdown complete.
